<?xml version="1.0" encoding="UTF-8"?>
<!-- Generated by org.testng.reporters.JUnitXMLReporter -->
<testsuite ignored="7" hostname="WIN-2C8N3BBE1O1" failures="0" tests="1" name="Default test" time="9.162" errors="0" timestamp="2023-09-04T01:36:15 SGT">
  <testcase classname="AutomationExcercise.RegisterUser" name="Register_User_With_Existing_Email" time="1.494"/>
  <testcase classname="AutomationExcercise.RegisterUser" name="Contact_Us_Form" time="0.0">
    <ignored/>
  </testcase> <!-- Contact_Us_Form -->
  <testcase classname="AutomationExcercise.RegisterUser" name="Logout_User" time="0.0">
    <ignored/>
  </testcase> <!-- Logout_User -->
  <testcase classname="AutomationExcercise.RegisterUser" name="Verify_All_Products_And_Product_Detail_Page" time="0.0">
    <ignored/>
  </testcase> <!-- Verify_All_Products_And_Product_Detail_Page -->
  <testcase classname="AutomationExcercise.RegisterUser" name="login_User_With_Correct_Email_Pass" time="0.0">
    <ignored/>
  </testcase> <!-- login_User_With_Correct_Email_Pass -->
  <testcase classname="AutomationExcercise.RegisterUser" name="Test_Cases_Page" time="0.0">
    <ignored/>
  </testcase> <!-- Test_Cases_Page -->
  <testcase classname="AutomationExcercise.RegisterUser" name="RegUser" time="0.0">
    <ignored/>
  </testcase> <!-- RegUser -->
  <testcase classname="AutomationExcercise.RegisterUser" name="login_User_With_Incorrect_Email_Pass" time="0.0">
    <ignored/>
  </testcase> <!-- login_User_With_Incorrect_Email_Pass -->
</testsuite> <!-- Default test -->
