<?xml version="1.0" encoding="UTF-8"?>
<testng-results ignored="9" total="10" passed="1" failed="0" skipped="0">
  <reporter-output>
  </reporter-output>
  <suite started-at="2023-09-10T21:58:51 SGT" name="Default suite" finished-at="2023-09-10T21:59:00 SGT" duration-ms="9010">
    <groups>
    </groups>
    <test started-at="2023-09-10T21:58:51 SGT" name="Default test" finished-at="2023-09-10T21:59:00 SGT" duration-ms="9010">
      <class name="AutomationExcercise.RegisterUser">
        <test-method is-config="true" signature="launchBrower()[pri:0, instance:AutomationExcercise.RegisterUser@f736069]" started-at="2023-09-10T21:58:51 SGT" name="launchBrower" finished-at="2023-09-10T21:58:59 SGT" duration-ms="8018" status="PASS">
          <reporter-output>
          </reporter-output>
        </test-method> <!-- launchBrower -->
        <test-method signature="Test_Cases_Page()[pri:0, instance:AutomationExcercise.RegisterUser@f736069]" started-at="2023-09-10T21:58:59 SGT" name="Test_Cases_Page" finished-at="2023-09-10T21:59:00 SGT" duration-ms="968" status="PASS">
          <reporter-output>
          </reporter-output>
        </test-method> <!-- Test_Cases_Page -->
        <test-method is-config="true" signature="teardown()[pri:0, instance:AutomationExcercise.RegisterUser@f736069]" started-at="2023-09-10T21:59:00 SGT" name="teardown" finished-at="2023-09-10T21:59:00 SGT" duration-ms="0" status="PASS">
          <reporter-output>
          </reporter-output>
        </test-method> <!-- teardown -->
      </class> <!-- AutomationExcercise.RegisterUser -->
    </test> <!-- Default test -->
  </suite> <!-- Default suite -->
</testng-results>
