<?xml version="1.0" encoding="UTF-8"?>
<testng-results ignored="7" total="8" passed="1" failed="0" skipped="0">
  <reporter-output>
  </reporter-output>
  <suite started-at="2023-09-04T01:36:06 SGT" name="Default suite" finished-at="2023-09-04T01:36:15 SGT" duration-ms="9162">
    <groups>
    </groups>
    <test started-at="2023-09-04T01:36:06 SGT" name="Default test" finished-at="2023-09-04T01:36:15 SGT" duration-ms="9162">
      <class name="AutomationExcercise.RegisterUser">
        <test-method is-config="true" signature="launchBrower()[pri:0, instance:AutomationExcercise.RegisterUser@47faa49c]" started-at="2023-09-04T01:36:06 SGT" name="launchBrower" finished-at="2023-09-04T01:36:14 SGT" duration-ms="7638" status="PASS">
          <reporter-output>
          </reporter-output>
        </test-method> <!-- launchBrower -->
        <test-method signature="Register_User_With_Existing_Email()[pri:0, instance:AutomationExcercise.RegisterUser@47faa49c]" started-at="2023-09-04T01:36:14 SGT" name="Register_User_With_Existing_Email" finished-at="2023-09-04T01:36:15 SGT" duration-ms="1494" status="PASS">
          <reporter-output>
          </reporter-output>
        </test-method> <!-- Register_User_With_Existing_Email -->
        <test-method is-config="true" signature="teardown()[pri:0, instance:AutomationExcercise.RegisterUser@47faa49c]" started-at="2023-09-04T01:36:15 SGT" name="teardown" finished-at="2023-09-04T01:36:15 SGT" duration-ms="0" status="PASS">
          <reporter-output>
          </reporter-output>
        </test-method> <!-- teardown -->
      </class> <!-- AutomationExcercise.RegisterUser -->
    </test> <!-- Default test -->
  </suite> <!-- Default suite -->
</testng-results>
